Exception on Dec 27, 2009 4:38:57 AM by fe 1.04.2470
javax.jdo.JDOFatalUserException: PersistenceManager is closed
	at com.objectdb.Logger.newFatalUserException(Logger.java:579)
	at com.objectdb.jdo.PMImpl.assertOpen(PMImpl.java:1043)
	at com.objectdb.jdo.PMImpl.assertNoActiveTransaction(PMImpl.java:1062)
	at com.objectdb.jdo.TransactionImpl.begin(TransactionImpl.java:83)
	at reservationPortalSystem.ReservationPortalSystem.save(ReservationPortalSystem.java:93)
	at reservationPortalSystem.ReservationPortalSystem.main(ReservationPortalSystem.java:123)

Exception on Dec 28, 2009 4:11:00 AM by fe 1.04.2470
javax.jdo.JDOFatalUserException: PersistenceManager is closed
	at com.objectdb.Logger.newFatalUserException(Logger.java:579)
	at com.objectdb.hb.rB(hb.java:2435)
	at com.objectdb.hb.rB(hb.java:2414)
	at com.objectdb.hb.Mf(hb.java:2396)
	at com.objectdb.rz.isLoaded(rz.java:292)
	at items.ReservationItem.jdoGetquantity(ReservationItem.java)
	at items.ReservationItem.getObjectData(ReservationItem.java:110)
	at items.Car.getObjectData(Car.java:115)
	at reservationPortalSystem.ReservationPortalSystem.main(ReservationPortalSystem.java:128)

Exception on Dec 31, 2009 10:08:34 PM by fe 1.04.2470
javax.jdo.JDOUserException: Class 'items.Car' is not persistence capable.
NestedThrowables:
javax.jdo.JDOFatalUserException: No metadata has been registered for class items.Car.
	at com.objectdb.Logger.newUserException(Logger.java:623)
	at com.objectdb.qj.lQ(qj.java:448)
	at com.objectdb.qj.Na(qj.java:384)
	at com.objectdb.qj.<init>(qj.java:339)
	at com.objectdb.wm.lR(wm.java:527)
	at com.objectdb.wm.J2(wm.java:443)
	at com.objectdb.wm.J2(wm.java:489)
	at com.objectdb.ay.NH(ay.java:643)
	at com.objectdb.ay.compile(ay.java:172)
	at com.objectdb.hb.VY(hb.java:3073)
	at com.objectdb.hl.Tr(hl.java:713)
	at com.objectdb.hb.Tr(hb.java:3031)
	at com.objectdb.jdo.QueryImpl.execute0(QueryImpl.java:592)
	at com.objectdb.jdo.QueryImpl.executeWithMap(QueryImpl.java:569)
	at items.SearchItemManager.searchCars(SearchItemManager.java:102)
	at items.SearchItemManager.searchItems(SearchItemManager.java:58)
	at reservationPortalSystem.ReservationPortalSystem.main(ReservationPortalSystem.java:229)
NestedThrowablesStackTrace:
javax.jdo.JDOFatalUserException: No metadata has been registered for class items.Car.
	at javax.jdo.spi.JDOImplHelper.getMeta(Unknown Source)
	at javax.jdo.spi.JDOImplHelper.getPersistenceCapableSuperclass(Unknown Source)
	at com.objectdb.qj.lQ(qj.java:441)
	at com.objectdb.qj.Na(qj.java:384)
	at com.objectdb.qj.<init>(qj.java:339)
	at com.objectdb.wm.lR(wm.java:527)
	at com.objectdb.wm.J2(wm.java:443)
	at com.objectdb.wm.J2(wm.java:489)
	at com.objectdb.ay.NH(ay.java:643)
	at com.objectdb.ay.compile(ay.java:172)
	at com.objectdb.hb.VY(hb.java:3073)
	at com.objectdb.hl.Tr(hl.java:713)
	at com.objectdb.hb.Tr(hb.java:3031)
	at com.objectdb.jdo.QueryImpl.execute0(QueryImpl.java:592)
	at com.objectdb.jdo.QueryImpl.executeWithMap(QueryImpl.java:569)
	at items.SearchItemManager.searchCars(SearchItemManager.java:102)
	at items.SearchItemManager.searchItems(SearchItemManager.java:58)
	at reservationPortalSystem.ReservationPortalSystem.main(ReservationPortalSystem.java:229)

Exception on Dec 31, 2009 10:09:09 PM by fe 1.04.2470
javax.jdo.JDOUserException: Class 'items.Car' is not persistence capable.
NestedThrowables:
javax.jdo.JDOFatalUserException: No metadata has been registered for class items.Car.
	at com.objectdb.Logger.newUserException(Logger.java:623)
	at com.objectdb.qj.lQ(qj.java:448)
	at com.objectdb.qj.Na(qj.java:384)
	at com.objectdb.qj.<init>(qj.java:339)
	at com.objectdb.wm.lR(wm.java:527)
	at com.objectdb.wm.J2(wm.java:443)
	at com.objectdb.wm.J2(wm.java:489)
	at com.objectdb.ay.NH(ay.java:643)
	at com.objectdb.ay.compile(ay.java:172)
	at com.objectdb.hb.VY(hb.java:3073)
	at com.objectdb.hl.Tr(hl.java:713)
	at com.objectdb.hb.Tr(hb.java:3031)
	at com.objectdb.jdo.QueryImpl.execute0(QueryImpl.java:592)
	at com.objectdb.jdo.QueryImpl.executeWithMap(QueryImpl.java:569)
	at items.SearchItemManager.searchCars(SearchItemManager.java:102)
	at items.SearchItemManager.searchItems(SearchItemManager.java:58)
	at reservationPortalSystem.ReservationPortalSystem.main(ReservationPortalSystem.java:229)
NestedThrowablesStackTrace:
javax.jdo.JDOFatalUserException: No metadata has been registered for class items.Car.
	at javax.jdo.spi.JDOImplHelper.getMeta(Unknown Source)
	at javax.jdo.spi.JDOImplHelper.getPersistenceCapableSuperclass(Unknown Source)
	at com.objectdb.qj.lQ(qj.java:441)
	at com.objectdb.qj.Na(qj.java:384)
	at com.objectdb.qj.<init>(qj.java:339)
	at com.objectdb.wm.lR(wm.java:527)
	at com.objectdb.wm.J2(wm.java:443)
	at com.objectdb.wm.J2(wm.java:489)
	at com.objectdb.ay.NH(ay.java:643)
	at com.objectdb.ay.compile(ay.java:172)
	at com.objectdb.hb.VY(hb.java:3073)
	at com.objectdb.hl.Tr(hl.java:713)
	at com.objectdb.hb.Tr(hb.java:3031)
	at com.objectdb.jdo.QueryImpl.execute0(QueryImpl.java:592)
	at com.objectdb.jdo.QueryImpl.executeWithMap(QueryImpl.java:569)
	at items.SearchItemManager.searchCars(SearchItemManager.java:102)
	at items.SearchItemManager.searchItems(SearchItemManager.java:58)
	at reservationPortalSystem.ReservationPortalSystem.main(ReservationPortalSystem.java:229)

Exception on Dec 31, 2009 10:09:47 PM by fe 1.04.2470
javax.jdo.JDOUserException: Class 'items.Car' is not persistence capable.
NestedThrowables:
javax.jdo.JDOFatalUserException: No metadata has been registered for class items.Car.
	at com.objectdb.Logger.newUserException(Logger.java:623)
	at com.objectdb.qj.lQ(qj.java:448)
	at com.objectdb.qj.Na(qj.java:384)
	at com.objectdb.qj.<init>(qj.java:339)
	at com.objectdb.wm.lR(wm.java:527)
	at com.objectdb.wm.J2(wm.java:443)
	at com.objectdb.wm.J2(wm.java:489)
	at com.objectdb.ay.NH(ay.java:643)
	at com.objectdb.ay.compile(ay.java:172)
	at com.objectdb.hb.VY(hb.java:3073)
	at com.objectdb.hl.Tr(hl.java:713)
	at com.objectdb.hb.Tr(hb.java:3031)
	at com.objectdb.jdo.QueryImpl.execute0(QueryImpl.java:592)
	at com.objectdb.jdo.QueryImpl.executeWithMap(QueryImpl.java:569)
	at items.SearchItemManager.searchCars(SearchItemManager.java:102)
	at items.SearchItemManager.searchItems(SearchItemManager.java:58)
	at reservationPortalSystem.ReservationPortalSystem.main(ReservationPortalSystem.java:229)
NestedThrowablesStackTrace:
javax.jdo.JDOFatalUserException: No metadata has been registered for class items.Car.
	at javax.jdo.spi.JDOImplHelper.getMeta(Unknown Source)
	at javax.jdo.spi.JDOImplHelper.getPersistenceCapableSuperclass(Unknown Source)
	at com.objectdb.qj.lQ(qj.java:441)
	at com.objectdb.qj.Na(qj.java:384)
	at com.objectdb.qj.<init>(qj.java:339)
	at com.objectdb.wm.lR(wm.java:527)
	at com.objectdb.wm.J2(wm.java:443)
	at com.objectdb.wm.J2(wm.java:489)
	at com.objectdb.ay.NH(ay.java:643)
	at com.objectdb.ay.compile(ay.java:172)
	at com.objectdb.hb.VY(hb.java:3073)
	at com.objectdb.hl.Tr(hl.java:713)
	at com.objectdb.hb.Tr(hb.java:3031)
	at com.objectdb.jdo.QueryImpl.execute0(QueryImpl.java:592)
	at com.objectdb.jdo.QueryImpl.executeWithMap(QueryImpl.java:569)
	at items.SearchItemManager.searchCars(SearchItemManager.java:102)
	at items.SearchItemManager.searchItems(SearchItemManager.java:58)
	at reservationPortalSystem.ReservationPortalSystem.main(ReservationPortalSystem.java:229)

Exception on Dec 31, 2009 10:11:09 PM by fe 1.04.2470
javax.jdo.JDOUserException: Class 'items.Car' is not persistence capable.
NestedThrowables:
javax.jdo.JDOFatalUserException: No metadata has been registered for class items.Car.
	at com.objectdb.Logger.newUserException(Logger.java:623)
	at com.objectdb.qj.lQ(qj.java:448)
	at com.objectdb.qj.Na(qj.java:384)
	at com.objectdb.qj.<init>(qj.java:339)
	at com.objectdb.wm.lR(wm.java:527)
	at com.objectdb.wm.J2(wm.java:443)
	at com.objectdb.wm.J2(wm.java:489)
	at com.objectdb.ay.NH(ay.java:643)
	at com.objectdb.ay.compile(ay.java:172)
	at com.objectdb.hb.VY(hb.java:3073)
	at com.objectdb.hl.Tr(hl.java:713)
	at com.objectdb.hb.Tr(hb.java:3031)
	at com.objectdb.jdo.QueryImpl.execute0(QueryImpl.java:592)
	at com.objectdb.jdo.QueryImpl.executeWithMap(QueryImpl.java:569)
	at items.SearchItemManager.searchCars(SearchItemManager.java:102)
	at items.SearchItemManager.searchItems(SearchItemManager.java:58)
	at reservationPortalSystem.ReservationPortalSystem.main(ReservationPortalSystem.java:229)
NestedThrowablesStackTrace:
javax.jdo.JDOFatalUserException: No metadata has been registered for class items.Car.
	at javax.jdo.spi.JDOImplHelper.getMeta(Unknown Source)
	at javax.jdo.spi.JDOImplHelper.getPersistenceCapableSuperclass(Unknown Source)
	at com.objectdb.qj.lQ(qj.java:441)
	at com.objectdb.qj.Na(qj.java:384)
	at com.objectdb.qj.<init>(qj.java:339)
	at com.objectdb.wm.lR(wm.java:527)
	at com.objectdb.wm.J2(wm.java:443)
	at com.objectdb.wm.J2(wm.java:489)
	at com.objectdb.ay.NH(ay.java:643)
	at com.objectdb.ay.compile(ay.java:172)
	at com.objectdb.hb.VY(hb.java:3073)
	at com.objectdb.hl.Tr(hl.java:713)
	at com.objectdb.hb.Tr(hb.java:3031)
	at com.objectdb.jdo.QueryImpl.execute0(QueryImpl.java:592)
	at com.objectdb.jdo.QueryImpl.executeWithMap(QueryImpl.java:569)
	at items.SearchItemManager.searchCars(SearchItemManager.java:102)
	at items.SearchItemManager.searchItems(SearchItemManager.java:58)
	at reservationPortalSystem.ReservationPortalSystem.main(ReservationPortalSystem.java:229)

Exception on Dec 31, 2009 10:12:02 PM by fe 1.04.2470
javax.jdo.JDOUserException: Class 'items.Car' is not persistence capable.
NestedThrowables:
javax.jdo.JDOFatalUserException: No metadata has been registered for class items.Car.
	at com.objectdb.Logger.newUserException(Logger.java:623)
	at com.objectdb.qj.lQ(qj.java:448)
	at com.objectdb.qj.Na(qj.java:384)
	at com.objectdb.qj.<init>(qj.java:339)
	at com.objectdb.wm.lR(wm.java:527)
	at com.objectdb.wm.J2(wm.java:443)
	at com.objectdb.wm.J2(wm.java:489)
	at com.objectdb.ay.NH(ay.java:643)
	at com.objectdb.ay.compile(ay.java:172)
	at com.objectdb.hb.VY(hb.java:3073)
	at com.objectdb.hl.Tr(hl.java:713)
	at com.objectdb.hb.Tr(hb.java:3031)
	at com.objectdb.jdo.QueryImpl.execute0(QueryImpl.java:592)
	at com.objectdb.jdo.QueryImpl.executeWithMap(QueryImpl.java:569)
	at items.SearchItemManager.searchCars(SearchItemManager.java:102)
	at items.SearchItemManager.searchItems(SearchItemManager.java:58)
	at reservationPortalSystem.ReservationPortalSystem.main(ReservationPortalSystem.java:229)
NestedThrowablesStackTrace:
javax.jdo.JDOFatalUserException: No metadata has been registered for class items.Car.
	at javax.jdo.spi.JDOImplHelper.getMeta(Unknown Source)
	at javax.jdo.spi.JDOImplHelper.getPersistenceCapableSuperclass(Unknown Source)
	at com.objectdb.qj.lQ(qj.java:441)
	at com.objectdb.qj.Na(qj.java:384)
	at com.objectdb.qj.<init>(qj.java:339)
	at com.objectdb.wm.lR(wm.java:527)
	at com.objectdb.wm.J2(wm.java:443)
	at com.objectdb.wm.J2(wm.java:489)
	at com.objectdb.ay.NH(ay.java:643)
	at com.objectdb.ay.compile(ay.java:172)
	at com.objectdb.hb.VY(hb.java:3073)
	at com.objectdb.hl.Tr(hl.java:713)
	at com.objectdb.hb.Tr(hb.java:3031)
	at com.objectdb.jdo.QueryImpl.execute0(QueryImpl.java:592)
	at com.objectdb.jdo.QueryImpl.executeWithMap(QueryImpl.java:569)
	at items.SearchItemManager.searchCars(SearchItemManager.java:102)
	at items.SearchItemManager.searchItems(SearchItemManager.java:58)
	at reservationPortalSystem.ReservationPortalSystem.main(ReservationPortalSystem.java:229)

Exception on Dec 31, 2009 10:12:47 PM by fe 1.04.2470
javax.jdo.JDOUserException: Class 'items.Car' is not persistence capable.
NestedThrowables:
javax.jdo.JDOFatalUserException: No metadata has been registered for class items.Car.
	at com.objectdb.Logger.newUserException(Logger.java:623)
	at com.objectdb.qj.lQ(qj.java:448)
	at com.objectdb.qj.Na(qj.java:384)
	at com.objectdb.qj.<init>(qj.java:339)
	at com.objectdb.wm.lR(wm.java:527)
	at com.objectdb.wm.J2(wm.java:443)
	at com.objectdb.wm.J2(wm.java:489)
	at com.objectdb.ay.NH(ay.java:643)
	at com.objectdb.ay.compile(ay.java:172)
	at com.objectdb.hb.VY(hb.java:3073)
	at com.objectdb.hl.Tr(hl.java:713)
	at com.objectdb.hb.Tr(hb.java:3031)
	at com.objectdb.jdo.QueryImpl.execute0(QueryImpl.java:592)
	at com.objectdb.jdo.QueryImpl.executeWithMap(QueryImpl.java:569)
	at items.SearchItemManager.searchCars(SearchItemManager.java:102)
	at items.SearchItemManager.searchItems(SearchItemManager.java:58)
	at reservationPortalSystem.ReservationPortalSystem.main(ReservationPortalSystem.java:229)
NestedThrowablesStackTrace:
javax.jdo.JDOFatalUserException: No metadata has been registered for class items.Car.
	at javax.jdo.spi.JDOImplHelper.getMeta(Unknown Source)
	at javax.jdo.spi.JDOImplHelper.getPersistenceCapableSuperclass(Unknown Source)
	at com.objectdb.qj.lQ(qj.java:441)
	at com.objectdb.qj.Na(qj.java:384)
	at com.objectdb.qj.<init>(qj.java:339)
	at com.objectdb.wm.lR(wm.java:527)
	at com.objectdb.wm.J2(wm.java:443)
	at com.objectdb.wm.J2(wm.java:489)
	at com.objectdb.ay.NH(ay.java:643)
	at com.objectdb.ay.compile(ay.java:172)
	at com.objectdb.hb.VY(hb.java:3073)
	at com.objectdb.hl.Tr(hl.java:713)
	at com.objectdb.hb.Tr(hb.java:3031)
	at com.objectdb.jdo.QueryImpl.execute0(QueryImpl.java:592)
	at com.objectdb.jdo.QueryImpl.executeWithMap(QueryImpl.java:569)
	at items.SearchItemManager.searchCars(SearchItemManager.java:102)
	at items.SearchItemManager.searchItems(SearchItemManager.java:58)
	at reservationPortalSystem.ReservationPortalSystem.main(ReservationPortalSystem.java:229)

Exception on Dec 31, 2009 10:13:44 PM by fe 1.04.2470
javax.jdo.JDOUserException: Class 'items.Car' is not persistence capable.
NestedThrowables:
javax.jdo.JDOFatalUserException: No metadata has been registered for class items.Car.
	at com.objectdb.Logger.newUserException(Logger.java:623)
	at com.objectdb.qj.lQ(qj.java:448)
	at com.objectdb.qj.Na(qj.java:384)
	at com.objectdb.qj.<init>(qj.java:339)
	at com.objectdb.wm.lR(wm.java:527)
	at com.objectdb.wm.J2(wm.java:443)
	at com.objectdb.wm.J2(wm.java:489)
	at com.objectdb.ay.NH(ay.java:643)
	at com.objectdb.ay.compile(ay.java:172)
	at com.objectdb.hb.VY(hb.java:3073)
	at com.objectdb.hl.Tr(hl.java:713)
	at com.objectdb.hb.Tr(hb.java:3031)
	at com.objectdb.jdo.QueryImpl.execute0(QueryImpl.java:592)
	at com.objectdb.jdo.QueryImpl.executeWithMap(QueryImpl.java:569)
	at items.SearchItemManager.searchCars(SearchItemManager.java:102)
	at items.SearchItemManager.searchItems(SearchItemManager.java:58)
	at reservationPortalSystem.ReservationPortalSystem.main(ReservationPortalSystem.java:229)
NestedThrowablesStackTrace:
javax.jdo.JDOFatalUserException: No metadata has been registered for class items.Car.
	at javax.jdo.spi.JDOImplHelper.getMeta(Unknown Source)
	at javax.jdo.spi.JDOImplHelper.getPersistenceCapableSuperclass(Unknown Source)
	at com.objectdb.qj.lQ(qj.java:441)
	at com.objectdb.qj.Na(qj.java:384)
	at com.objectdb.qj.<init>(qj.java:339)
	at com.objectdb.wm.lR(wm.java:527)
	at com.objectdb.wm.J2(wm.java:443)
	at com.objectdb.wm.J2(wm.java:489)
	at com.objectdb.ay.NH(ay.java:643)
	at com.objectdb.ay.compile(ay.java:172)
	at com.objectdb.hb.VY(hb.java:3073)
	at com.objectdb.hl.Tr(hl.java:713)
	at com.objectdb.hb.Tr(hb.java:3031)
	at com.objectdb.jdo.QueryImpl.execute0(QueryImpl.java:592)
	at com.objectdb.jdo.QueryImpl.executeWithMap(QueryImpl.java:569)
	at items.SearchItemManager.searchCars(SearchItemManager.java:102)
	at items.SearchItemManager.searchItems(SearchItemManager.java:58)
	at reservationPortalSystem.ReservationPortalSystem.main(ReservationPortalSystem.java:229)

Exception on Dec 31, 2009 10:14:47 PM by fe 1.04.2470
javax.jdo.JDOUserException: Class 'items.Car' is not persistence capable.
NestedThrowables:
javax.jdo.JDOFatalUserException: No metadata has been registered for class items.Car.
	at com.objectdb.Logger.newUserException(Logger.java:623)
	at com.objectdb.qj.lQ(qj.java:448)
	at com.objectdb.qj.Na(qj.java:384)
	at com.objectdb.qj.<init>(qj.java:339)
	at com.objectdb.wm.lR(wm.java:527)
	at com.objectdb.wm.J2(wm.java:443)
	at com.objectdb.wm.J2(wm.java:489)
	at com.objectdb.ay.NH(ay.java:643)
	at com.objectdb.ay.compile(ay.java:172)
	at com.objectdb.hb.VY(hb.java:3073)
	at com.objectdb.hl.Tr(hl.java:713)
	at com.objectdb.hb.Tr(hb.java:3031)
	at com.objectdb.jdo.QueryImpl.execute0(QueryImpl.java:592)
	at com.objectdb.jdo.QueryImpl.executeWithMap(QueryImpl.java:569)
	at items.SearchItemManager.searchCars(SearchItemManager.java:102)
	at items.SearchItemManager.searchItems(SearchItemManager.java:58)
	at reservationPortalSystem.ReservationPortalSystem.main(ReservationPortalSystem.java:229)
NestedThrowablesStackTrace:
javax.jdo.JDOFatalUserException: No metadata has been registered for class items.Car.
	at javax.jdo.spi.JDOImplHelper.getMeta(Unknown Source)
	at javax.jdo.spi.JDOImplHelper.getPersistenceCapableSuperclass(Unknown Source)
	at com.objectdb.qj.lQ(qj.java:441)
	at com.objectdb.qj.Na(qj.java:384)
	at com.objectdb.qj.<init>(qj.java:339)
	at com.objectdb.wm.lR(wm.java:527)
	at com.objectdb.wm.J2(wm.java:443)
	at com.objectdb.wm.J2(wm.java:489)
	at com.objectdb.ay.NH(ay.java:643)
	at com.objectdb.ay.compile(ay.java:172)
	at com.objectdb.hb.VY(hb.java:3073)
	at com.objectdb.hl.Tr(hl.java:713)
	at com.objectdb.hb.Tr(hb.java:3031)
	at com.objectdb.jdo.QueryImpl.execute0(QueryImpl.java:592)
	at com.objectdb.jdo.QueryImpl.executeWithMap(QueryImpl.java:569)
	at items.SearchItemManager.searchCars(SearchItemManager.java:102)
	at items.SearchItemManager.searchItems(SearchItemManager.java:58)
	at reservationPortalSystem.ReservationPortalSystem.main(ReservationPortalSystem.java:229)

Exception on Dec 31, 2009 10:15:07 PM by fe 1.04.2470
javax.jdo.JDOUserException: Class 'items.Car' is not persistence capable.
NestedThrowables:
javax.jdo.JDOFatalUserException: No metadata has been registered for class items.Car.
	at com.objectdb.Logger.newUserException(Logger.java:623)
	at com.objectdb.qj.lQ(qj.java:448)
	at com.objectdb.qj.Na(qj.java:384)
	at com.objectdb.qj.<init>(qj.java:339)
	at com.objectdb.wm.lR(wm.java:527)
	at com.objectdb.wm.J2(wm.java:443)
	at com.objectdb.wm.J2(wm.java:489)
	at com.objectdb.ay.NH(ay.java:643)
	at com.objectdb.ay.compile(ay.java:172)
	at com.objectdb.hb.VY(hb.java:3073)
	at com.objectdb.hl.Tr(hl.java:713)
	at com.objectdb.hb.Tr(hb.java:3031)
	at com.objectdb.jdo.QueryImpl.execute0(QueryImpl.java:592)
	at com.objectdb.jdo.QueryImpl.executeWithMap(QueryImpl.java:569)
	at items.SearchItemManager.searchCars(SearchItemManager.java:102)
	at items.SearchItemManager.searchItems(SearchItemManager.java:58)
	at reservationPortalSystem.ReservationPortalSystem.main(ReservationPortalSystem.java:229)
NestedThrowablesStackTrace:
javax.jdo.JDOFatalUserException: No metadata has been registered for class items.Car.
	at javax.jdo.spi.JDOImplHelper.getMeta(Unknown Source)
	at javax.jdo.spi.JDOImplHelper.getPersistenceCapableSuperclass(Unknown Source)
	at com.objectdb.qj.lQ(qj.java:441)
	at com.objectdb.qj.Na(qj.java:384)
	at com.objectdb.qj.<init>(qj.java:339)
	at com.objectdb.wm.lR(wm.java:527)
	at com.objectdb.wm.J2(wm.java:443)
	at com.objectdb.wm.J2(wm.java:489)
	at com.objectdb.ay.NH(ay.java:643)
	at com.objectdb.ay.compile(ay.java:172)
	at com.objectdb.hb.VY(hb.java:3073)
	at com.objectdb.hl.Tr(hl.java:713)
	at com.objectdb.hb.Tr(hb.java:3031)
	at com.objectdb.jdo.QueryImpl.execute0(QueryImpl.java:592)
	at com.objectdb.jdo.QueryImpl.executeWithMap(QueryImpl.java:569)
	at items.SearchItemManager.searchCars(SearchItemManager.java:102)
	at items.SearchItemManager.searchItems(SearchItemManager.java:58)
	at reservationPortalSystem.ReservationPortalSystem.main(ReservationPortalSystem.java:229)

Exception on Dec 31, 2009 10:18:02 PM by fe 1.04.2470
javax.jdo.JDOUserException: Class 'items.Car' is not persistence capable.
NestedThrowables:
javax.jdo.JDOFatalUserException: No metadata has been registered for class items.Car.
	at com.objectdb.Logger.newUserException(Logger.java:623)
	at com.objectdb.qj.lQ(qj.java:448)
	at com.objectdb.qj.Na(qj.java:384)
	at com.objectdb.qj.<init>(qj.java:339)
	at com.objectdb.wm.lR(wm.java:527)
	at com.objectdb.wm.J2(wm.java:443)
	at com.objectdb.wm.J2(wm.java:489)
	at com.objectdb.ay.NH(ay.java:643)
	at com.objectdb.ay.compile(ay.java:172)
	at com.objectdb.hb.VY(hb.java:3073)
	at com.objectdb.hl.Tr(hl.java:713)
	at com.objectdb.hb.Tr(hb.java:3031)
	at com.objectdb.jdo.QueryImpl.execute0(QueryImpl.java:592)
	at com.objectdb.jdo.QueryImpl.executeWithMap(QueryImpl.java:569)
	at items.SearchItemManager.searchCars(SearchItemManager.java:102)
	at items.SearchItemManager.searchItems(SearchItemManager.java:58)
	at reservationPortalSystem.ReservationPortalSystem.main(ReservationPortalSystem.java:229)
NestedThrowablesStackTrace:
javax.jdo.JDOFatalUserException: No metadata has been registered for class items.Car.
	at javax.jdo.spi.JDOImplHelper.getMeta(Unknown Source)
	at javax.jdo.spi.JDOImplHelper.getPersistenceCapableSuperclass(Unknown Source)
	at com.objectdb.qj.lQ(qj.java:441)
	at com.objectdb.qj.Na(qj.java:384)
	at com.objectdb.qj.<init>(qj.java:339)
	at com.objectdb.wm.lR(wm.java:527)
	at com.objectdb.wm.J2(wm.java:443)
	at com.objectdb.wm.J2(wm.java:489)
	at com.objectdb.ay.NH(ay.java:643)
	at com.objectdb.ay.compile(ay.java:172)
	at com.objectdb.hb.VY(hb.java:3073)
	at com.objectdb.hl.Tr(hl.java:713)
	at com.objectdb.hb.Tr(hb.java:3031)
	at com.objectdb.jdo.QueryImpl.execute0(QueryImpl.java:592)
	at com.objectdb.jdo.QueryImpl.executeWithMap(QueryImpl.java:569)
	at items.SearchItemManager.searchCars(SearchItemManager.java:102)
	at items.SearchItemManager.searchItems(SearchItemManager.java:58)
	at reservationPortalSystem.ReservationPortalSystem.main(ReservationPortalSystem.java:229)

Exception on Dec 31, 2009 10:19:15 PM by fe 1.04.2470
javax.jdo.JDOUserException: Class 'items.Car' is not persistence capable.
NestedThrowables:
javax.jdo.JDOFatalUserException: No metadata has been registered for class items.Car.
	at com.objectdb.Logger.newUserException(Logger.java:623)
	at com.objectdb.qj.lQ(qj.java:448)
	at com.objectdb.qj.Na(qj.java:384)
	at com.objectdb.qj.<init>(qj.java:339)
	at com.objectdb.wm.lR(wm.java:527)
	at com.objectdb.wm.J2(wm.java:443)
	at com.objectdb.wm.J2(wm.java:489)
	at com.objectdb.ay.NH(ay.java:643)
	at com.objectdb.ay.compile(ay.java:172)
	at com.objectdb.hb.VY(hb.java:3073)
	at com.objectdb.hl.Tr(hl.java:713)
	at com.objectdb.hb.Tr(hb.java:3031)
	at com.objectdb.jdo.QueryImpl.execute0(QueryImpl.java:592)
	at com.objectdb.jdo.QueryImpl.executeWithMap(QueryImpl.java:569)
	at items.SearchItemManager.searchCars(SearchItemManager.java:107)
	at items.SearchItemManager.searchItems(SearchItemManager.java:59)
	at reservationPortalSystem.ReservationPortalSystem.main(ReservationPortalSystem.java:229)
NestedThrowablesStackTrace:
javax.jdo.JDOFatalUserException: No metadata has been registered for class items.Car.
	at javax.jdo.spi.JDOImplHelper.getMeta(Unknown Source)
	at javax.jdo.spi.JDOImplHelper.getPersistenceCapableSuperclass(Unknown Source)
	at com.objectdb.qj.lQ(qj.java:441)
	at com.objectdb.qj.Na(qj.java:384)
	at com.objectdb.qj.<init>(qj.java:339)
	at com.objectdb.wm.lR(wm.java:527)
	at com.objectdb.wm.J2(wm.java:443)
	at com.objectdb.wm.J2(wm.java:489)
	at com.objectdb.ay.NH(ay.java:643)
	at com.objectdb.ay.compile(ay.java:172)
	at com.objectdb.hb.VY(hb.java:3073)
	at com.objectdb.hl.Tr(hl.java:713)
	at com.objectdb.hb.Tr(hb.java:3031)
	at com.objectdb.jdo.QueryImpl.execute0(QueryImpl.java:592)
	at com.objectdb.jdo.QueryImpl.executeWithMap(QueryImpl.java:569)
	at items.SearchItemManager.searchCars(SearchItemManager.java:107)
	at items.SearchItemManager.searchItems(SearchItemManager.java:59)
	at reservationPortalSystem.ReservationPortalSystem.main(ReservationPortalSystem.java:229)

Exception on Dec 31, 2009 10:27:57 PM by fe 1.04.2470
javax.jdo.JDOUserException: Class 'items.Car' is not persistence capable.
NestedThrowables:
javax.jdo.JDOFatalUserException: No metadata has been registered for class items.Car.
	at com.objectdb.Logger.newUserException(Logger.java:623)
	at com.objectdb.qj.lQ(qj.java:448)
	at com.objectdb.qj.Na(qj.java:384)
	at com.objectdb.qj.<init>(qj.java:339)
	at com.objectdb.wm.lR(wm.java:527)
	at com.objectdb.wm.J2(wm.java:443)
	at com.objectdb.wm.J2(wm.java:489)
	at com.objectdb.ay.NH(ay.java:643)
	at com.objectdb.ay.compile(ay.java:172)
	at com.objectdb.hb.VY(hb.java:3073)
	at com.objectdb.hl.Tr(hl.java:713)
	at com.objectdb.hb.Tr(hb.java:3031)
	at com.objectdb.jdo.QueryImpl.execute0(QueryImpl.java:592)
	at com.objectdb.jdo.QueryImpl.executeWithMap(QueryImpl.java:569)
	at items.SearchItemManager.searchCars(SearchItemManager.java:107)
	at items.SearchItemManager.searchItems(SearchItemManager.java:59)
	at reservationPortalSystem.ReservationPortalSystem.main(ReservationPortalSystem.java:229)
NestedThrowablesStackTrace:
javax.jdo.JDOFatalUserException: No metadata has been registered for class items.Car.
	at javax.jdo.spi.JDOImplHelper.getMeta(Unknown Source)
	at javax.jdo.spi.JDOImplHelper.getPersistenceCapableSuperclass(Unknown Source)
	at com.objectdb.qj.lQ(qj.java:441)
	at com.objectdb.qj.Na(qj.java:384)
	at com.objectdb.qj.<init>(qj.java:339)
	at com.objectdb.wm.lR(wm.java:527)
	at com.objectdb.wm.J2(wm.java:443)
	at com.objectdb.wm.J2(wm.java:489)
	at com.objectdb.ay.NH(ay.java:643)
	at com.objectdb.ay.compile(ay.java:172)
	at com.objectdb.hb.VY(hb.java:3073)
	at com.objectdb.hl.Tr(hl.java:713)
	at com.objectdb.hb.Tr(hb.java:3031)
	at com.objectdb.jdo.QueryImpl.execute0(QueryImpl.java:592)
	at com.objectdb.jdo.QueryImpl.executeWithMap(QueryImpl.java:569)
	at items.SearchItemManager.searchCars(SearchItemManager.java:107)
	at items.SearchItemManager.searchItems(SearchItemManager.java:59)
	at reservationPortalSystem.ReservationPortalSystem.main(ReservationPortalSystem.java:229)

